proguard/seeds.txt
org.void1898.www.agilebuddy.AgileBuddyActivity
org.void1898.www.agilebuddy.AgileBuddyActivity: AgileBuddyActivity()
org.void1898.www.agilebuddy.AgileBuddyView
org.void1898.www.agilebuddy.AgileBuddyView: AgileBuddyView(android.content.Context,android.util.AttributeSet)
org.void1898.www.agilebuddy.GlobalRankingActivity
org.void1898.www.agilebuddy.GlobalRankingActivity: GlobalRankingActivity()
org.void1898.www.agilebuddy.Prefs
org.void1898.www.agilebuddy.Prefs: Prefs()
org.void1898.www.agilebuddy.Prefs: void onClick(android.view.View)
org.void1898.www.agilebuddy.R$attr: int backgroundColor
org.void1898.www.agilebuddy.R$attr: int keywords
org.void1898.www.agilebuddy.R$attr: int primaryTextColor
org.void1898.www.agilebuddy.R$attr: int refreshInterval
org.void1898.www.agilebuddy.R$attr: int secondaryTextColor
org.void1898.www.agilebuddy.R$attr: int testing
org.void1898.www.agilebuddy.R$drawable: int bg_game
org.void1898.www.agilebuddy.R$drawable: int bg_options
org.void1898.www.agilebuddy.R$drawable: int bg_ranking
org.void1898.www.agilebuddy.R$drawable: int bg_tips
org.void1898.www.agilebuddy.R$drawable: int button_bg
org.void1898.www.agilebuddy.R$drawable: int button_bg_down
org.void1898.www.agilebuddy.R$drawable: int food_1
org.void1898.www.agilebuddy.R$drawable: int food_2
org.void1898.www.agilebuddy.R$drawable: int food_3
org.void1898.www.agilebuddy.R$drawable: int food_4
org.void1898.www.agilebuddy.R$drawable: int food_5
org.void1898.www.agilebuddy.R$drawable: int food_6
org.void1898.www.agilebuddy.R$drawable: int food_7
org.void1898.www.agilebuddy.R$drawable: int food_8
org.void1898.www.agilebuddy.R$drawable: int footboard_moving_left1
org.void1898.www.agilebuddy.R$drawable: int footboard_moving_left2
org.void1898.www.agilebuddy.R$drawable: int footboard_moving_right1
org.void1898.www.agilebuddy.R$drawable: int footboard_moving_right2
org.void1898.www.agilebuddy.R$drawable: int footboard_normal
org.void1898.www.agilebuddy.R$drawable: int footboard_spiked
org.void1898.www.agilebuddy.R$drawable: int footboard_spring
org.void1898.www.agilebuddy.R$drawable: int footboard_unstable1
org.void1898.www.agilebuddy.R$drawable: int footboard_unstable2
org.void1898.www.agilebuddy.R$drawable: int game_logo
org.void1898.www.agilebuddy.R$drawable: int hp_bar_remain
org.void1898.www.agilebuddy.R$id: int adbar1
org.void1898.www.agilebuddy.R$id: int adbar2
org.void1898.www.agilebuddy.R$id: int adbar3
org.void1898.www.agilebuddy.R$id: int agile_buddy
org.void1898.www.agilebuddy.R$id: int exit
org.void1898.www.agilebuddy.R$id: int goback
org.void1898.www.agilebuddy.R$id: int more_app
org.void1898.www.agilebuddy.R$id: int namefield
org.void1898.www.agilebuddy.R$id: int options
org.void1898.www.agilebuddy.R$id: int options_best_record_textview
org.void1898.www.agilebuddy.R$id: int options_buttom_tablerow
org.void1898.www.agilebuddy.R$id: int options_okay_button
org.void1898.www.agilebuddy.R$id: int options_power_controller_title
org.void1898.www.agilebuddy.R$id: int options_showtips_checkbox
org.void1898.www.agilebuddy.R$id: int options_sounds_checkbox
org.void1898.www.agilebuddy.R$id: int options_tips_button
org.void1898.www.agilebuddy.R$id: int options_upload_score_button
org.void1898.www.agilebuddy.R$id: int options_username_edittext
org.void1898.www.agilebuddy.R$id: int options_vibrate_checkbox
org.void1898.www.agilebuddy.R$id: int options_your_name_title
org.void1898.www.agilebuddy.R$id: int post_scores
org.void1898.www.agilebuddy.R$id: int ranking_table
org.void1898.www.agilebuddy.R$id: int retry
org.void1898.www.agilebuddy.R$id: int score_board
org.void1898.www.agilebuddy.R$id: int scrollview
org.void1898.www.agilebuddy.R$id: int scrollview2
org.void1898.www.agilebuddy.R$id: int scrollview3
...
com.admob.android.ads.AdManager$Gender: com.admob.android.ads.AdManager$Gender[] values()
com.admob.android.ads.AdManager$Gender: com.admob.android.ads.AdManager$Gender valueOf(java.lang.String)
com.admob.android.ads.AdView
com.admob.android.ads.AdView: AdView(android.app.Activity)
com.admob.android.ads.AdView: AdView(android.content.Context,android.util.AttributeSet)
com.admob.android.ads.AdView: AdView(android.content.Context,android.util.AttributeSet,int)
com.admob.android.ads.AdView: int getRequestInterval()
com.admob.android.ads.AdView: void setRequestInterval(int)
com.admob.android.ads.AdView: void setTextColor(int)
com.admob.android.ads.AdView: int getTextColor()
com.admob.android.ads.AdView: int getPrimaryTextColor()
com.admob.android.ads.AdView: void setPrimaryTextColor(int)
com.admob.android.ads.AdView: int getSecondaryTextColor()
com.admob.android.ads.AdView: void setSecondaryTextColor(int)
com.admob.android.ads.AdView: void setBackgroundColor(int)
com.admob.android.ads.AdView: int getBackgroundColor()
com.admob.android.ads.AdView: java.lang.String getKeywords()
com.admob.android.ads.AdView: void setKeywords(java.lang.String)
com.admob.android.ads.AdView: java.lang.String getSearchQuery()
com.admob.android.ads.AdView: void setSearchQuery(java.lang.String)
com.admob.android.ads.AdView: void setGoneWithoutAd(boolean)
com.admob.android.ads.AdView: void setVisibility(int)
com.admob.android.ads.AdView: void setEnabled(boolean)
com.admob.android.ads.AdView: void setAdListener(com.admob.android.ads.AdListener)
com.admob.android.ads.AdView: com.admob.android.ads.AdListener getAdListener()
com.admob.android.ads.d$f: com.admob.android.ads.d$f[] values()
com.admob.android.ads.d$f: com.admob.android.ads.d$f valueOf(java.lang.String)