proguard/mapping.txt
org.void1898.www.agilebuddy.AgileBuddyActivity -> org.void1898.www.agilebuddy.AgileBuddyActivity:
    org.void1898.www.agilebuddy.AgileBuddyView mAgileBuddyView -> a
    android.hardware.SensorManager mSensorManager -> b
    android.hardware.Sensor mSensor -> c
    android.hardware.SensorEventListener mSensorEventListener -> d
    void onCreate(android.os.Bundle) -> onCreate
    void finish() -> finish
    org.void1898.www.agilebuddy.AgileBuddyView access$0(org.void1898.www.agilebuddy.AgileBuddyActivity) -> a
org.void1898.www.agilebuddy.AgileBuddyActivity$1 -> org.void1898.www.agilebuddy.a:
    org.void1898.www.agilebuddy.AgileBuddyActivity this$0 -> a
    void onSensorChanged(android.hardware.SensorEvent) -> onSensorChanged
    void onAccuracyChanged(android.hardware.Sensor,int) -> onAccuracyChanged
org.void1898.www.agilebuddy.AgileBuddyView -> org.void1898.www.agilebuddy.AgileBuddyView:
    org.void1898.www.agilebuddy.AgileBuddyView$AgileThread mUIThread -> a
    android.content.Context mContext -> b
    android.os.Handler mHandler -> c
    org.void1898.www.agilebuddy.data.ScreenAttribute mScreenAttribute -> d
    int mActionPower -> e
    boolean mVibratorFlag -> f
    android.os.Vibrator mVibrator -> g
    boolean mSoundsFlag -> h
    android.media.SoundPool soundPool -> i
    java.util.HashMap soundPoolMap -> j
    android.graphics.Bitmap mBackgroundImage -> k
    android.graphics.Bitmap mRoleStandImage -> l
    android.graphics.Bitmap mRoleDeadmanImage -> m
    android.graphics.Bitmap mRoleFreefallImage1 -> n
    android.graphics.Bitmap mRoleFreefallImage2 -> o
    android.graphics.Bitmap mRoleFreefallImage3 -> p
    android.graphics.Bitmap mRoleFreefallImage4 -> q
    android.graphics.Bitmap mRoleMovingLeftImage1 -> r
    android.graphics.Bitmap mRoleMovingLeftImage2 -> s
    android.graphics.Bitmap mRoleMovingLeftImage3 -> t
    android.graphics.Bitmap mRoleMovingLeftImage4 -> u
    android.graphics.Bitmap mRoleMovingRightImage1 -> v
    android.graphics.Bitmap mRoleMovingRightImage2 -> w
    android.graphics.Bitmap mRoleMovingRightImage3 -> x
    android.graphics.Bitmap mRoleMovingRightImage4 -> y
    android.graphics.Bitmap mFootboardNormalImage -> z
    android.graphics.Bitmap mFootboardUnstableImage1 -> A
org.void1898.www.agilebuddy.AgileBuddyView$1 -> org.void1898.www.agilebuddy.b:
    org.void1898.www.agilebuddy.AgileBuddyView this$0 -> a
    void handleMessage(android.os.Message) -> handleMessage
    org.void1898.www.agilebuddy.AgileBuddyView access$0(org.void1898.www.agilebuddy.AgileBuddyView$1) -> a
org.void1898.www.agilebuddy.AgileBuddyView$1$1 -> org.void1898.www.agilebuddy.c:
    org.void1898.www.agilebuddy.AgileBuddyView$1 this$1 -> a
    android.app.AlertDialog val$dialog -> b
    void onClick(android.view.View) -> onClick
org.void1898.www.agilebuddy.AgileBuddyView$1$2 -> org.void1898.www.agilebuddy.d:
    org.void1898.www.agilebuddy.AgileBuddyView$1 this$1 -> a
    android.widget.EditText val$usernameEditText -> b
    void onClick(android.view.View) -> onClick
org.void1898.www.agilebuddy.AgileBuddyView$1$3 -> org.void1898.www.agilebuddy.e:
    org.void1898.www.agilebuddy.AgileBuddyView$1 this$1 -> a
    android.app.AlertDialog val$dialog -> b
    void onClick(android.view.View) -> onClick
...
com.admob.android.ads.g$b -> com.admob.android.ads.ac:
    java.lang.ref.WeakReference a -> a
    void run() -> run
com.admob.android.ads.g$c -> com.admob.android.ads.ad:
    java.lang.ref.WeakReference a -> a
    void run() -> run
com.admob.android.ads.g$d -> com.admob.android.ads.ae:
    int compare(java.lang.Object,java.lang.Object) -> compare
com.admob.android.ads.h -> com.admob.android.ads.af:
    void a(com.admob.android.ads.r) -> a
    void a(com.admob.android.ads.r,java.lang.Exception) -> a
com.admob.android.ads.i -> com.admob.android.ads.ag:
    java.net.HttpURLConnection m -> m
    java.net.URL n -> n
    boolean a() -> a
    void h() -> h
    void b() -> b
    void run() -> run
com.admob.android.ads.j -> com.admob.android.ads.ah:
    float[] a -> a
    float[] b -> b
    float c -> c
    float d -> d
    float e -> e
    boolean f -> f
    android.graphics.Camera g -> g
    void initialize(int,int,int,int) -> initialize
    void applyTransformation(float,android.view.animation.Transformation) -> applyTransformation
com.admob.android.ads.k -> com.admob.android.ads.ai:
    int[] a -> a
    int[] b -> b
    android.view.View c -> c
    void applyTransformation(float,android.view.animation.Transformation) -> applyTransformation
com.admob.android.ads.l -> com.admob.android.ads.aj:
    void applyTransformation(float,android.view.animation.Transformation) -> applyTransformation
com.admob.android.ads.m -> com.admob.android.ads.ak:
    void applyTransformation(float,android.view.animation.Transformation) -> applyTransformation
com.admob.android.ads.n -> com.admob.android.ads.al:
    void applyTransformation(float,android.view.animation.Transformation) -> applyTransformation
com.admob.android.ads.o -> com.admob.android.ads.am:
    com.admob.android.ads.o a -> a
    android.content.Context b -> b
    java.lang.Thread c -> c
    java.lang.String d -> d
    java.util.Properties e -> e
    android.content.Context f -> f
    void a(android.content.Context) -> a
    java.lang.String a() -> a
    boolean b() -> b
    java.io.File a(android.content.Context,java.lang.String) -> a
    void a(com.admob.android.ads.r,java.lang.Exception) -> a
    void a(com.admob.android.ads.r) -> a
com.admob.android.ads.p -> com.admob.android.ads.an:
    float[] a -> a
    float[] b -> b
    void applyTransformation(float,android.view.animation.Transformation) -> applyTransformation
com.admob.android.ads.q -> com.admob.android.ads.ao:
    float a -> a
    boolean b -> b
    float c -> c
    void onMeasure(int,int) -> onMeasure
com.admob.android.ads.r -> com.admob.android.ads.ap:
    java.util.concurrent.Executor m -> m
    java.lang.String n -> n
    java.lang.String a -> a
    int b -> b
    java.lang.Exception c -> c
    java.util.Map d -> d
    int e -> e
    int f -> f
    java.lang.String o -> o
    java.lang.String g -> g
    com.admob.android.ads.h h -> h
    java.net.URL i -> i
    byte[] j -> j
    boolean k -> k
    java.lang.String l -> l
    java.lang.String c() -> c
    byte[] d() -> d
    java.lang.String e() -> e
    java.net.URL f() -> f
    boolean a() -> a
    void b() -> b
    void g() -> g
    void a(java.lang.String) -> a
    void a(int) -> a
com.admob.android.ads.s -> com.admob.android.ads.aq:
    org.json.JSONObject i() -> i
    java.lang.String h() -> h
com.admob.android.ads.t -> com.admob.android.ads.ar:
    boolean a -> a
    void a(android.content.Context) -> a
com.admob.android.ads.u -> com.admob.android.ads.as:
    java.lang.String a -> a
    int b -> b
    long c -> c
    java.lang.String d -> d
    com.admob.android.ads.d a(com.admob.android.ads.d$a,android.content.Context,java.lang.String,java.lang.String,int,int,int,com.admob.android.ads.g,int) -> a
    java.lang.String a(android.content.Context,java.lang.String,java.lang.String,int) -> a
    void a(java.lang.StringBuilder,java.lang.String,java.lang.String) -> a